<?xml version="1.0" encoding="UTF-8"?>
<testsuite xmlns:xsi="http://www.w3.org/2001/XMLSchema-instance" xsi:noNamespaceSchemaLocation="https://maven.apache.org/surefire/maven-surefire-plugin/xsd/surefire-test-report.xsd" version="3.0.1" name="com.devops.cicd.PasswordPolicyTest" time="0.044" tests="8" errors="0" skipped="0" failures="0">
  <properties>
[...]
</properties>
  <testcase name="containsNumTest" classname="com.devops.cicd.PasswordPolicyTest" time="0.019"/>
  <testcase name="containsSpeCaracTest" classname="com.devops.cicd.PasswordPolicyTest" time="0.001"/>
  <testcase name="not_containsSpeCaracTest" classname="com.devops.cicd.PasswordPolicyTest" time="0.0"/>
  <testcase name="not_containsMajTest" classname="com.devops.cicd.PasswordPolicyTest" time="0.001"/>
  <testcase name="containsMajTest" classname="com.devops.cicd.PasswordPolicyTest" time="0.001"/>
  <testcase name="not_containsEightCaracTest" classname="com.devops.cicd.PasswordPolicyTest" time="0.001"/>
  <testcase name="not_containsNumTest" classname="com.devops.cicd.PasswordPolicyTest" time="0.001"/>
  <testcase name="containsEightCaracTest" classname="com.devops.cicd.PasswordPolicyTest" time="0.001"/>
</testsuite>